2023-07-14 16:01:21,199 [cuckoo.core.scheduler] INFO: Task #28: acquired machine cuckoo1 (label=cuckoo1)
2023-07-14 16:01:21,199 [cuckoo.core.resultserver] DEBUG: Now tracking machine 192.168.56.101 for task #28
2023-07-14 16:01:21,199 [cuckoo.core.plugins] DEBUG: Started auxiliary module: Replay
2023-07-14 16:01:21,204 [cuckoo.auxiliary.sniffer] INFO: Started sniffer with PID 15688 (interface=vboxnet0, host=192.168.56.101)
2023-07-14 16:01:21,205 [cuckoo.core.plugins] DEBUG: Started auxiliary module: Sniffer
2023-07-14 16:01:21,511 [cuckoo.machinery.virtualbox] DEBUG: Starting vm cuckoo1
2023-07-14 16:01:21,562 [cuckoo.machinery.virtualbox] DEBUG: Restoring virtual machine cuckoo1 to its current snapshot
2023-07-14 16:01:23,154 [cuckoo.core.guest] INFO: Starting analysis #28 on guest (id=cuckoo1, ip=192.168.56.101)
2023-07-14 16:01:24,156 [cuckoo.core.guest] DEBUG: cuckoo1: not ready yet
2023-07-14 16:01:25,158 [cuckoo.core.guest] DEBUG: cuckoo1: not ready yet
2023-07-14 16:01:26,160 [cuckoo.core.guest] DEBUG: cuckoo1: not ready yet
2023-07-14 16:01:26,226 [cuckoo.core.guest] DEBUG: cuckoo1: not ready yet
2023-07-14 16:01:27,240 [cuckoo.core.guest] INFO: Guest is running Cuckoo Agent 0.10 (id=cuckoo1, ip=192.168.56.101)
2023-07-14 16:01:27,253 [cuckoo.core.guest] DEBUG: Uploading analyzer to guest (id=cuckoo1, ip=192.168.56.101, monitor=latest, size=3884763)
2023-07-14 16:01:27,718 [cuckoo.core.resultserver] DEBUG: Task #28: live log analysis.log initialized.
2023-07-14 16:01:30,530 [cuckoo.core.resultserver] DEBUG: Task #28 had connection reset for <Context for None>
2023-07-14 16:01:32,440 [cuckoo.core.guest] DEBUG: cuckoo1: analysis #28 still processing
2023-07-14 16:01:32,489 [cuckoo.core.resultserver] DEBUG: Task #28: File upload for 'shots/0001.jpg'
2023-07-14 16:01:32,502 [cuckoo.core.resultserver] DEBUG: Task #28 uploaded file length: 124948
2023-07-14 16:01:33,531 [cuckoo.core.resultserver] DEBUG: Task #28: File upload for 'shots/0002.jpg'
2023-07-14 16:01:33,549 [cuckoo.core.resultserver] DEBUG: Task #28 uploaded file length: 86872
2023-07-14 16:01:34,642 [cuckoo.core.resultserver] DEBUG: Task #28: File upload for 'shots/0003.jpg'
2023-07-14 16:01:34,650 [cuckoo.core.resultserver] DEBUG: Task #28 uploaded file length: 85821
2023-07-14 16:01:36,759 [cuckoo.core.resultserver] DEBUG: Task #28: File upload for 'shots/0004.jpg'
2023-07-14 16:01:36,763 [cuckoo.core.resultserver] DEBUG: Task #28 uploaded file length: 87000
2023-07-14 16:01:37,459 [cuckoo.core.guest] DEBUG: cuckoo1: analysis #28 still processing
2023-07-14 16:01:38,863 [cuckoo.core.resultserver] DEBUG: Task #28: File upload for 'shots/0005.jpg'
2023-07-14 16:01:38,869 [cuckoo.core.resultserver] DEBUG: Task #28 uploaded file length: 94001
2023-07-14 16:01:42,488 [cuckoo.core.guest] DEBUG: cuckoo1: analysis #28 still processing
2023-07-14 16:01:47,514 [cuckoo.core.guest] DEBUG: cuckoo1: analysis #28 still processing
2023-07-14 16:01:52,539 [cuckoo.core.guest] DEBUG: cuckoo1: analysis #28 still processing
2023-07-14 16:01:57,561 [cuckoo.core.guest] DEBUG: cuckoo1: analysis #28 still processing
2023-07-14 16:02:02,640 [cuckoo.core.guest] DEBUG: cuckoo1: analysis #28 still processing
2023-07-14 16:02:07,674 [cuckoo.core.guest] DEBUG: cuckoo1: analysis #28 still processing
2023-07-14 16:02:12,695 [cuckoo.core.guest] DEBUG: cuckoo1: analysis #28 still processing
2023-07-14 16:02:17,731 [cuckoo.core.guest] DEBUG: cuckoo1: analysis #28 still processing
2023-07-14 16:02:22,753 [cuckoo.core.guest] DEBUG: cuckoo1: analysis #28 still processing
2023-07-14 16:02:27,772 [cuckoo.core.guest] DEBUG: cuckoo1: analysis #28 still processing
2023-07-14 16:02:32,798 [cuckoo.core.guest] DEBUG: cuckoo1: analysis #28 still processing
2023-07-14 16:02:35,331 [cuckoo.core.resultserver] DEBUG: Task #28: File upload for 'shots/0006.jpg'
2023-07-14 16:02:35,335 [cuckoo.core.resultserver] DEBUG: Task #28 uploaded file length: 96339
2023-07-14 16:02:36,390 [cuckoo.core.resultserver] DEBUG: Task #28: File upload for 'shots/0007.jpg'
2023-07-14 16:02:36,395 [cuckoo.core.resultserver] DEBUG: Task #28 uploaded file length: 120385
2023-07-14 16:02:37,519 [cuckoo.core.resultserver] DEBUG: Task #28: File upload for 'shots/0008.jpg'
2023-07-14 16:02:37,525 [cuckoo.core.resultserver] DEBUG: Task #28 uploaded file length: 150031
2023-07-14 16:02:37,819 [cuckoo.core.guest] DEBUG: cuckoo1: analysis #28 still processing
2023-07-14 16:02:38,630 [cuckoo.core.resultserver] DEBUG: Task #28: File upload for 'shots/0009.jpg'
2023-07-14 16:02:38,635 [cuckoo.core.resultserver] DEBUG: Task #28 uploaded file length: 151508
2023-07-14 16:02:39,777 [cuckoo.core.resultserver] DEBUG: Task #28: File upload for 'shots/0010.jpg'
2023-07-14 16:02:39,782 [cuckoo.core.resultserver] DEBUG: Task #28 uploaded file length: 160203
2023-07-14 16:02:40,904 [cuckoo.core.resultserver] DEBUG: Task #28: File upload for 'shots/0011.jpg'
2023-07-14 16:02:40,911 [cuckoo.core.resultserver] DEBUG: Task #28 uploaded file length: 171269
2023-07-14 16:02:42,012 [cuckoo.core.resultserver] DEBUG: Task #28: File upload for 'shots/0012.jpg'
2023-07-14 16:02:42,020 [cuckoo.core.resultserver] DEBUG: Task #28 uploaded file length: 161859
2023-07-14 16:02:42,840 [cuckoo.core.guest] DEBUG: cuckoo1: analysis #28 still processing
2023-07-14 16:02:43,122 [cuckoo.core.resultserver] DEBUG: Task #28: File upload for 'shots/0013.jpg'
2023-07-14 16:02:43,126 [cuckoo.core.resultserver] DEBUG: Task #28 uploaded file length: 154576
2023-07-14 16:02:44,195 [cuckoo.core.resultserver] DEBUG: Task #28: File upload for 'shots/0014.jpg'
2023-07-14 16:02:44,202 [cuckoo.core.resultserver] DEBUG: Task #28 uploaded file length: 167829
2023-07-14 16:02:45,291 [cuckoo.core.resultserver] DEBUG: Task #28: File upload for 'shots/0015.jpg'
2023-07-14 16:02:45,296 [cuckoo.core.resultserver] DEBUG: Task #28 uploaded file length: 163044
2023-07-14 16:02:46,381 [cuckoo.core.resultserver] DEBUG: Task #28: File upload for 'shots/0016.jpg'
2023-07-14 16:02:46,388 [cuckoo.core.resultserver] DEBUG: Task #28 uploaded file length: 154501
2023-07-14 16:02:47,424 [cuckoo.core.resultserver] DEBUG: Task #28: File upload for 'shots/0017.jpg'
2023-07-14 16:02:47,431 [cuckoo.core.resultserver] DEBUG: Task #28 uploaded file length: 155549
2023-07-14 16:02:47,900 [cuckoo.core.guest] DEBUG: cuckoo1: analysis #28 still processing
2023-07-14 16:02:48,507 [cuckoo.core.resultserver] DEBUG: Task #28: File upload for 'shots/0018.jpg'
2023-07-14 16:02:48,513 [cuckoo.core.resultserver] DEBUG: Task #28 uploaded file length: 168545
2023-07-14 16:02:49,615 [cuckoo.core.resultserver] DEBUG: Task #28: File upload for 'shots/0019.jpg'
2023-07-14 16:02:49,621 [cuckoo.core.resultserver] DEBUG: Task #28 uploaded file length: 164497
2023-07-14 16:02:50,736 [cuckoo.core.resultserver] DEBUG: Task #28: File upload for 'shots/0020.jpg'
2023-07-14 16:02:50,742 [cuckoo.core.resultserver] DEBUG: Task #28 uploaded file length: 156042
2023-07-14 16:02:51,801 [cuckoo.core.resultserver] DEBUG: Task #28: File upload for 'shots/0021.jpg'
2023-07-14 16:02:51,805 [cuckoo.core.resultserver] DEBUG: Task #28 uploaded file length: 154432
2023-07-14 16:02:52,914 [cuckoo.core.resultserver] DEBUG: Task #28: File upload for 'shots/0022.jpg'
2023-07-14 16:02:52,922 [cuckoo.core.resultserver] DEBUG: Task #28 uploaded file length: 169510
2023-07-14 16:02:52,924 [cuckoo.core.guest] DEBUG: cuckoo1: analysis #28 still processing
2023-07-14 16:02:54,066 [cuckoo.core.resultserver] DEBUG: Task #28: File upload for 'shots/0023.jpg'
2023-07-14 16:02:54,073 [cuckoo.core.resultserver] DEBUG: Task #28 uploaded file length: 159352
2023-07-14 16:02:55,147 [cuckoo.core.resultserver] DEBUG: Task #28: File upload for 'shots/0024.jpg'
2023-07-14 16:02:55,154 [cuckoo.core.resultserver] DEBUG: Task #28 uploaded file length: 156953
2023-07-14 16:02:56,191 [cuckoo.core.resultserver] DEBUG: Task #28: File upload for 'shots/0025.jpg'
2023-07-14 16:02:56,196 [cuckoo.core.resultserver] DEBUG: Task #28 uploaded file length: 165707
2023-07-14 16:02:57,333 [cuckoo.core.resultserver] DEBUG: Task #28: File upload for 'shots/0026.jpg'
2023-07-14 16:02:57,337 [cuckoo.core.resultserver] DEBUG: Task #28 uploaded file length: 163624
2023-07-14 16:02:57,945 [cuckoo.core.guest] DEBUG: cuckoo1: analysis #28 still processing
2023-07-14 16:02:58,417 [cuckoo.core.resultserver] DEBUG: Task #28: File upload for 'shots/0027.jpg'
2023-07-14 16:02:58,423 [cuckoo.core.resultserver] DEBUG: Task #28 uploaded file length: 154890
2023-07-14 16:02:59,532 [cuckoo.core.resultserver] DEBUG: Task #28: File upload for 'shots/0028.jpg'
2023-07-14 16:02:59,536 [cuckoo.core.resultserver] DEBUG: Task #28 uploaded file length: 158543
2023-07-14 16:03:00,654 [cuckoo.core.resultserver] DEBUG: Task #28: File upload for 'shots/0029.jpg'
2023-07-14 16:03:00,658 [cuckoo.core.resultserver] DEBUG: Task #28 uploaded file length: 166746
2023-07-14 16:03:01,738 [cuckoo.core.resultserver] DEBUG: Task #28: File upload for 'shots/0030.jpg'
2023-07-14 16:03:01,743 [cuckoo.core.resultserver] DEBUG: Task #28 uploaded file length: 158923
2023-07-14 16:03:02,838 [cuckoo.core.resultserver] DEBUG: Task #28: File upload for 'shots/0031.jpg'
2023-07-14 16:03:02,842 [cuckoo.core.resultserver] DEBUG: Task #28 uploaded file length: 157537
2023-07-14 16:03:02,965 [cuckoo.core.guest] DEBUG: cuckoo1: analysis #28 still processing
2023-07-14 16:03:03,928 [cuckoo.core.resultserver] DEBUG: Task #28: File upload for 'shots/0032.jpg'
2023-07-14 16:03:03,932 [cuckoo.core.resultserver] DEBUG: Task #28 uploaded file length: 162156
2023-07-14 16:03:05,042 [cuckoo.core.resultserver] DEBUG: Task #28: File upload for 'shots/0033.jpg'
2023-07-14 16:03:05,046 [cuckoo.core.resultserver] DEBUG: Task #28 uploaded file length: 160923
2023-07-14 16:03:06,151 [cuckoo.core.resultserver] DEBUG: Task #28: File upload for 'shots/0034.jpg'
2023-07-14 16:03:06,156 [cuckoo.core.resultserver] DEBUG: Task #28 uploaded file length: 151937
2023-07-14 16:03:07,193 [cuckoo.core.resultserver] DEBUG: Task #28: File upload for 'shots/0035.jpg'
2023-07-14 16:03:07,197 [cuckoo.core.resultserver] DEBUG: Task #28 uploaded file length: 158834
2023-07-14 16:03:07,986 [cuckoo.core.guest] DEBUG: cuckoo1: analysis #28 still processing
2023-07-14 16:03:08,306 [cuckoo.core.resultserver] DEBUG: Task #28: File upload for 'shots/0036.jpg'
2023-07-14 16:03:08,310 [cuckoo.core.resultserver] DEBUG: Task #28 uploaded file length: 161355
2023-07-14 16:03:09,349 [cuckoo.core.resultserver] DEBUG: Task #28: File upload for 'shots/0037.jpg'
2023-07-14 16:03:09,352 [cuckoo.core.resultserver] DEBUG: Task #28 uploaded file length: 156719
2023-07-14 16:03:10,485 [cuckoo.core.resultserver] DEBUG: Task #28: File upload for 'shots/0038.jpg'
2023-07-14 16:03:10,489 [cuckoo.core.resultserver] DEBUG: Task #28 uploaded file length: 162225
2023-07-14 16:03:11,626 [cuckoo.core.resultserver] DEBUG: Task #28: File upload for 'shots/0039.jpg'
2023-07-14 16:03:11,631 [cuckoo.core.resultserver] DEBUG: Task #28 uploaded file length: 167955
2023-07-14 16:03:12,732 [cuckoo.core.resultserver] DEBUG: Task #28: File upload for 'shots/0040.jpg'
2023-07-14 16:03:12,738 [cuckoo.core.resultserver] DEBUG: Task #28 uploaded file length: 161545
2023-07-14 16:03:13,008 [cuckoo.core.guest] DEBUG: cuckoo1: analysis #28 still processing
2023-07-14 16:03:13,827 [cuckoo.core.resultserver] DEBUG: Task #28: File upload for 'shots/0041.jpg'
2023-07-14 16:03:13,833 [cuckoo.core.resultserver] DEBUG: Task #28 uploaded file length: 159705
2023-07-14 16:03:14,902 [cuckoo.core.resultserver] DEBUG: Task #28: File upload for 'shots/0042.jpg'
2023-07-14 16:03:14,908 [cuckoo.core.resultserver] DEBUG: Task #28 uploaded file length: 167688
2023-07-14 16:03:15,977 [cuckoo.core.resultserver] DEBUG: Task #28: File upload for 'shots/0043.jpg'
2023-07-14 16:03:15,983 [cuckoo.core.resultserver] DEBUG: Task #28 uploaded file length: 166686
2023-07-14 16:03:17,074 [cuckoo.core.resultserver] DEBUG: Task #28: File upload for 'shots/0044.jpg'
2023-07-14 16:03:17,079 [cuckoo.core.resultserver] DEBUG: Task #28 uploaded file length: 161842
2023-07-14 16:03:18,028 [cuckoo.core.guest] DEBUG: cuckoo1: analysis #28 still processing
2023-07-14 16:03:18,163 [cuckoo.core.resultserver] DEBUG: Task #28: File upload for 'shots/0045.jpg'
2023-07-14 16:03:18,167 [cuckoo.core.resultserver] DEBUG: Task #28 uploaded file length: 161742
2023-07-14 16:03:19,293 [cuckoo.core.resultserver] DEBUG: Task #28: File upload for 'shots/0046.jpg'
2023-07-14 16:03:19,300 [cuckoo.core.resultserver] DEBUG: Task #28 uploaded file length: 167322
2023-07-14 16:03:20,425 [cuckoo.core.resultserver] DEBUG: Task #28: File upload for 'shots/0047.jpg'
2023-07-14 16:03:20,431 [cuckoo.core.resultserver] DEBUG: Task #28 uploaded file length: 165911
2023-07-14 16:03:21,542 [cuckoo.core.resultserver] DEBUG: Task #28: File upload for 'shots/0048.jpg'
2023-07-14 16:03:21,548 [cuckoo.core.resultserver] DEBUG: Task #28 uploaded file length: 160954
2023-07-14 16:03:22,596 [cuckoo.core.resultserver] DEBUG: Task #28: File upload for 'shots/0049.jpg'
2023-07-14 16:03:22,602 [cuckoo.core.resultserver] DEBUG: Task #28 uploaded file length: 166742
2023-07-14 16:03:23,050 [cuckoo.core.guest] DEBUG: cuckoo1: analysis #28 still processing
2023-07-14 16:03:23,694 [cuckoo.core.resultserver] DEBUG: Task #28: File upload for 'shots/0050.jpg'
2023-07-14 16:03:23,698 [cuckoo.core.resultserver] DEBUG: Task #28 uploaded file length: 156425
2023-07-14 16:03:24,748 [cuckoo.core.resultserver] DEBUG: Task #28: File upload for 'shots/0051.jpg'
2023-07-14 16:03:24,752 [cuckoo.core.resultserver] DEBUG: Task #28 uploaded file length: 154637
2023-07-14 16:03:25,859 [cuckoo.core.resultserver] DEBUG: Task #28: File upload for 'shots/0052.jpg'
2023-07-14 16:03:25,863 [cuckoo.core.resultserver] DEBUG: Task #28 uploaded file length: 171959
2023-07-14 16:03:26,997 [cuckoo.core.resultserver] DEBUG: Task #28: File upload for 'shots/0053.jpg'
2023-07-14 16:03:27,002 [cuckoo.core.resultserver] DEBUG: Task #28 uploaded file length: 173513
2023-07-14 16:03:28,072 [cuckoo.core.guest] DEBUG: cuckoo1: analysis #28 still processing
2023-07-14 16:03:28,125 [cuckoo.core.resultserver] DEBUG: Task #28: File upload for 'shots/0054.jpg'
2023-07-14 16:03:28,130 [cuckoo.core.resultserver] DEBUG: Task #28 uploaded file length: 173194
2023-07-14 16:03:29,207 [cuckoo.core.resultserver] DEBUG: Task #28: File upload for 'shots/0055.jpg'
2023-07-14 16:03:29,212 [cuckoo.core.resultserver] DEBUG: Task #28 uploaded file length: 172672
2023-07-14 16:03:30,308 [cuckoo.core.resultserver] DEBUG: Task #28: File upload for 'shots/0056.jpg'
2023-07-14 16:03:30,312 [cuckoo.core.resultserver] DEBUG: Task #28 uploaded file length: 172211
2023-07-14 16:03:31,484 [cuckoo.core.resultserver] DEBUG: Task #28: File upload for 'shots/0057.jpg'
2023-07-14 16:03:31,488 [cuckoo.core.resultserver] DEBUG: Task #28 uploaded file length: 172857
2023-07-14 16:03:32,613 [cuckoo.core.resultserver] DEBUG: Task #28: File upload for 'shots/0058.jpg'
2023-07-14 16:03:32,618 [cuckoo.core.resultserver] DEBUG: Task #28 uploaded file length: 172600
2023-07-14 16:03:33,095 [cuckoo.core.guest] DEBUG: cuckoo1: analysis #28 still processing
2023-07-14 16:03:33,696 [cuckoo.core.resultserver] DEBUG: Task #28: File upload for 'shots/0059.jpg'
2023-07-14 16:03:33,701 [cuckoo.core.resultserver] DEBUG: Task #28 uploaded file length: 172994
2023-07-14 16:03:34,820 [cuckoo.core.resultserver] DEBUG: Task #28: File upload for 'shots/0060.jpg'
2023-07-14 16:03:34,825 [cuckoo.core.resultserver] DEBUG: Task #28 uploaded file length: 172527
2023-07-14 16:03:35,946 [cuckoo.core.resultserver] DEBUG: Task #28: File upload for 'shots/0061.jpg'
2023-07-14 16:03:35,951 [cuckoo.core.resultserver] DEBUG: Task #28 uploaded file length: 166044
2023-07-14 16:03:37,009 [cuckoo.core.resultserver] DEBUG: Task #28: File upload for 'shots/0062.jpg'
2023-07-14 16:03:37,015 [cuckoo.core.resultserver] DEBUG: Task #28 uploaded file length: 166784
2023-07-14 16:03:38,082 [cuckoo.core.resultserver] DEBUG: Task #28: File upload for 'shots/0063.jpg'
2023-07-14 16:03:38,087 [cuckoo.core.resultserver] DEBUG: Task #28 uploaded file length: 163659
2023-07-14 16:03:38,114 [cuckoo.core.guest] DEBUG: cuckoo1: analysis #28 still processing
2023-07-14 16:03:39,183 [cuckoo.core.resultserver] DEBUG: Task #28: File upload for 'shots/0064.jpg'
2023-07-14 16:03:39,187 [cuckoo.core.resultserver] DEBUG: Task #28 uploaded file length: 158138
2023-07-14 16:03:40,267 [cuckoo.core.resultserver] DEBUG: Task #28: File upload for 'shots/0065.jpg'
2023-07-14 16:03:40,272 [cuckoo.core.resultserver] DEBUG: Task #28 uploaded file length: 158767
2023-07-14 16:03:41,322 [cuckoo.core.resultserver] DEBUG: Task #28: File upload for 'shots/0066.jpg'
2023-07-14 16:03:41,330 [cuckoo.core.resultserver] DEBUG: Task #28 uploaded file length: 163340
2023-07-14 16:03:42,420 [cuckoo.core.resultserver] DEBUG: Task #28: File upload for 'shots/0067.jpg'
2023-07-14 16:03:42,425 [cuckoo.core.resultserver] DEBUG: Task #28 uploaded file length: 161454
2023-07-14 16:03:43,135 [cuckoo.core.guest] DEBUG: cuckoo1: analysis #28 still processing
2023-07-14 16:03:43,546 [cuckoo.core.resultserver] DEBUG: Task #28: File upload for 'shots/0068.jpg'
2023-07-14 16:03:43,551 [cuckoo.core.resultserver] DEBUG: Task #28 uploaded file length: 156882
2023-07-14 16:03:44,635 [cuckoo.core.resultserver] DEBUG: Task #28: File upload for 'shots/0069.jpg'
2023-07-14 16:03:44,640 [cuckoo.core.resultserver] DEBUG: Task #28 uploaded file length: 159181
2023-07-14 16:03:45,777 [cuckoo.core.resultserver] DEBUG: Task #28: File upload for 'shots/0070.jpg'
2023-07-14 16:03:45,782 [cuckoo.core.resultserver] DEBUG: Task #28 uploaded file length: 174584
2023-07-14 16:03:46,913 [cuckoo.core.resultserver] DEBUG: Task #28: File upload for 'shots/0071.jpg'
2023-07-14 16:03:46,918 [cuckoo.core.resultserver] DEBUG: Task #28 uploaded file length: 169315
2023-07-14 16:03:48,009 [cuckoo.core.resultserver] DEBUG: Task #28: File upload for 'shots/0072.jpg'
2023-07-14 16:03:48,013 [cuckoo.core.resultserver] DEBUG: Task #28 uploaded file length: 167042
2023-07-14 16:03:48,156 [cuckoo.core.guest] DEBUG: cuckoo1: analysis #28 still processing
2023-07-14 16:03:49,098 [cuckoo.core.resultserver] DEBUG: Task #28: File upload for 'shots/0073.jpg'
2023-07-14 16:03:49,103 [cuckoo.core.resultserver] DEBUG: Task #28 uploaded file length: 169376
2023-07-14 16:03:50,149 [cuckoo.core.resultserver] DEBUG: Task #28: File upload for 'shots/0074.jpg'
2023-07-14 16:03:50,154 [cuckoo.core.resultserver] DEBUG: Task #28 uploaded file length: 166760
2023-07-14 16:03:51,280 [cuckoo.core.resultserver] DEBUG: Task #28: File upload for 'shots/0075.jpg'
2023-07-14 16:03:51,286 [cuckoo.core.resultserver] DEBUG: Task #28 uploaded file length: 162464
2023-07-14 16:03:52,353 [cuckoo.core.resultserver] DEBUG: Task #28: File upload for 'shots/0076.jpg'
2023-07-14 16:03:52,358 [cuckoo.core.resultserver] DEBUG: Task #28 uploaded file length: 167833
2023-07-14 16:03:53,175 [cuckoo.core.guest] DEBUG: cuckoo1: analysis #28 still processing
2023-07-14 16:03:53,502 [cuckoo.core.resultserver] DEBUG: Task #28: File upload for 'shots/0077.jpg'
2023-07-14 16:03:53,508 [cuckoo.core.resultserver] DEBUG: Task #28 uploaded file length: 169626
2023-07-14 16:03:54,617 [cuckoo.core.resultserver] DEBUG: Task #28: File upload for 'shots/0078.jpg'
2023-07-14 16:03:54,623 [cuckoo.core.resultserver] DEBUG: Task #28 uploaded file length: 170938
2023-07-14 16:03:55,675 [cuckoo.core.resultserver] DEBUG: Task #28: File upload for 'shots/0079.jpg'
2023-07-14 16:03:55,681 [cuckoo.core.resultserver] DEBUG: Task #28 uploaded file length: 164909
2023-07-14 16:03:55,939 [cuckoo.core.resultserver] DEBUG: Task #28: File upload for 'memory/2648-1.dmp'
2023-07-14 16:03:56,006 [cuckoo.core.resultserver] DEBUG: Task #28 uploaded file length: 59393168
2023-07-14 16:03:56,185 [cuckoo.core.guest] INFO: cuckoo1: analysis completed successfully
2023-07-14 16:03:56,190 [cuckoo.core.plugins] DEBUG: Stopped auxiliary module: Replay
2023-07-14 16:03:56,246 [cuckoo.core.plugins] DEBUG: Stopped auxiliary module: Sniffer
2023-07-14 16:03:56,246 [cuckoo.machinery.virtualbox] DEBUG: Stopping vm cuckoo1
2023-07-14 16:03:57,397 [cuckoo.core.resultserver] DEBUG: Stopped tracking machine 192.168.56.101 for task #28
2023-07-14 16:03:57,397 [cuckoo.core.resultserver] DEBUG: Cancel <Context for LOG> for task 28
2023-07-14 16:03:57,401 [cuckoo.core.scheduler] DEBUG: Released database task #28
2023-07-14 16:03:57,411 [cuckoo.core.plugins] DEBUG: Executed processing module "AnalysisInfo" for task #28
2023-07-14 16:03:57,411 [cuckoo.processing.behavior] WARNING: Analysis results folder does not contain any behavior log files.
2023-07-14 16:03:57,411 [cuckoo.core.plugins] DEBUG: Executed processing module "BehaviorAnalysis" for task #28
2023-07-14 16:03:57,412 [cuckoo.core.plugins] DEBUG: Executed processing module "Dropped" for task #28
2023-07-14 16:03:57,412 [cuckoo.core.plugins] DEBUG: Executed processing module "DroppedBuffer" for task #28
2023-07-14 16:03:58,091 [cuckoo.core.plugins] DEBUG: Executed processing module "MetaInfo" for task #28
2023-07-14 16:03:58,422 [cuckoo.core.plugins] DEBUG: Executed processing module "ProcessMemory" for task #28
2023-07-14 16:03:58,422 [cuckoo.core.plugins] DEBUG: Executed processing module "Procmon" for task #28
2023-07-14 16:03:59,741 [cuckoo.core.plugins] DEBUG: Executed processing module "Screenshots" for task #28
2023-07-14 16:04:00,383 [cuckoo.core.plugins] DEBUG: Executed processing module "Static" for task #28
2023-07-14 16:04:00,481 [cuckoo.core.plugins] DEBUG: Executed processing module "Strings" for task #28
2023-07-14 16:04:00,541 [cuckoo.core.plugins] DEBUG: Executed processing module "TargetInfo" for task #28
2023-07-14 16:04:00,552 [cuckoo.core.plugins] DEBUG: Executed processing module "NetworkAnalysis" for task #28
2023-07-14 16:04:00,552 [cuckoo.core.plugins] DEBUG: Executed processing module "Extracted" for task #28
2023-07-14 16:04:00,552 [cuckoo.core.plugins] DEBUG: Executed processing module "TLSMasterSecrets" for task #28
2023-07-14 16:04:00,553 [cuckoo.core.plugins] DEBUG: Executed processing module "Debug" for task #28
2023-07-14 16:04:00,562 [cuckoo.core.plugins] DEBUG: Running 542 signatures
2023-07-14 16:04:00,619 [cuckoo.core.plugins] DEBUG: Analysis matched signature: pe_features
2023-07-14 16:04:00,619 [cuckoo.core.plugins] DEBUG: Analysis matched signature: memdump_tor_urls
2023-07-14 16:04:00,619 [cuckoo.core.plugins] DEBUG: Analysis matched signature: memdump_urls
2023-07-14 16:04:00,628 [cuckoo.core.plugins] DEBUG: Executed reporting module "JsonDump"
2023-07-14 16:04:01,046 [cuckoo.core.plugins] DEBUG: Executed reporting module "MongoDB"
2023-07-14 16:04:01,046 [cuckoo.core.scheduler] INFO: Task #28: reports generation completed
2023-07-14 16:04:01,049 [cuckoo.core.scheduler] INFO: Task #28: analysis procedure completed
