2023-07-17 10:04:06,324 [cuckoo.core.scheduler] INFO: Task #67: acquired machine cuckoo1 (label=cuckoo1)
2023-07-17 10:04:06,324 [cuckoo.core.resultserver] DEBUG: Now tracking machine 192.168.56.101 for task #67
2023-07-17 10:04:06,324 [cuckoo.core.plugins] DEBUG: Started auxiliary module: Replay
2023-07-17 10:04:06,328 [cuckoo.auxiliary.sniffer] INFO: Started sniffer with PID 52378 (interface=vboxnet0, host=192.168.56.101)
2023-07-17 10:04:06,328 [cuckoo.core.plugins] DEBUG: Started auxiliary module: Sniffer
2023-07-17 10:04:06,347 [cuckoo.machinery.virtualbox] DEBUG: Starting vm cuckoo1
2023-07-17 10:04:06,397 [cuckoo.machinery.virtualbox] DEBUG: Restoring virtual machine cuckoo1 to its current snapshot
2023-07-17 10:04:07,984 [cuckoo.core.guest] INFO: Starting analysis #67 on guest (id=cuckoo1, ip=192.168.56.101)
2023-07-17 10:04:08,986 [cuckoo.core.guest] DEBUG: cuckoo1: not ready yet
2023-07-17 10:04:09,989 [cuckoo.core.guest] DEBUG: cuckoo1: not ready yet
2023-07-17 10:04:10,994 [cuckoo.core.guest] DEBUG: cuckoo1: not ready yet
2023-07-17 10:04:11,054 [cuckoo.core.guest] DEBUG: cuckoo1: not ready yet
2023-07-17 10:04:12,064 [cuckoo.core.guest] INFO: Guest is running Cuckoo Agent 0.10 (id=cuckoo1, ip=192.168.56.101)
2023-07-17 10:04:12,076 [cuckoo.core.guest] DEBUG: Uploading analyzer to guest (id=cuckoo1, ip=192.168.56.101, monitor=latest, size=3884763)
2023-07-17 10:04:15,111 [cuckoo.core.resultserver] DEBUG: Task #67: live log analysis.log initialized.
2023-07-17 10:04:20,051 [cuckoo.core.guest] DEBUG: cuckoo1: analysis #67 still processing
2023-07-17 10:04:21,928 [cuckoo.core.resultserver] DEBUG: Task #67: File upload for 'shots/0001.jpg'
2023-07-17 10:04:21,936 [cuckoo.core.resultserver] DEBUG: Task #67 uploaded file length: 99822
2023-07-17 10:04:25,078 [cuckoo.core.guest] DEBUG: cuckoo1: analysis #67 still processing
2023-07-17 10:04:27,157 [cuckoo.core.resultserver] DEBUG: Task #67: File upload for 'shots/0002.jpg'
2023-07-17 10:04:27,160 [cuckoo.core.resultserver] DEBUG: Task #67 uploaded file length: 109231
2023-07-17 10:04:30,098 [cuckoo.core.guest] DEBUG: cuckoo1: analysis #67 still processing
2023-07-17 10:04:34,598 [cuckoo.core.resultserver] DEBUG: Task #67: File upload for 'shots/0003.jpg'
2023-07-17 10:04:34,604 [cuckoo.core.resultserver] DEBUG: Task #67 uploaded file length: 113389
2023-07-17 10:04:35,143 [cuckoo.core.guest] DEBUG: cuckoo1: analysis #67 still processing
2023-07-17 10:04:35,688 [cuckoo.core.resultserver] DEBUG: Task #67: File upload for 'shots/0004.jpg'
2023-07-17 10:04:35,697 [cuckoo.core.resultserver] DEBUG: Task #67 uploaded file length: 117456
2023-07-17 10:04:36,799 [cuckoo.core.resultserver] DEBUG: Task #67: File upload for 'shots/0005.jpg'
2023-07-17 10:04:36,805 [cuckoo.core.resultserver] DEBUG: Task #67 uploaded file length: 120389
2023-07-17 10:04:37,829 [cuckoo.core.resultserver] DEBUG: Task #67: File upload for 'shots/0006.jpg'
2023-07-17 10:04:37,833 [cuckoo.core.resultserver] DEBUG: Task #67 uploaded file length: 122365
2023-07-17 10:04:38,861 [cuckoo.core.resultserver] DEBUG: Task #67: File upload for 'shots/0007.jpg'
2023-07-17 10:04:38,865 [cuckoo.core.resultserver] DEBUG: Task #67 uploaded file length: 96602
2023-07-17 10:04:40,164 [cuckoo.core.guest] DEBUG: cuckoo1: analysis #67 still processing
2023-07-17 10:04:41,032 [cuckoo.core.resultserver] DEBUG: Task #67: File upload for 'shots/0008.jpg'
2023-07-17 10:04:41,036 [cuckoo.core.resultserver] DEBUG: Task #67 uploaded file length: 108145
2023-07-17 10:04:42,073 [cuckoo.core.resultserver] DEBUG: Task #67: File upload for 'shots/0009.jpg'
2023-07-17 10:04:42,080 [cuckoo.core.resultserver] DEBUG: Task #67 uploaded file length: 98930
2023-07-17 10:04:43,143 [cuckoo.core.resultserver] DEBUG: Task #67: File upload for 'shots/0010.jpg'
2023-07-17 10:04:43,146 [cuckoo.core.resultserver] DEBUG: Task #67 uploaded file length: 100479
2023-07-17 10:04:45,184 [cuckoo.core.guest] DEBUG: cuckoo1: analysis #67 still processing
2023-07-17 10:04:45,363 [cuckoo.core.resultserver] DEBUG: Task #67: File upload for 'shots/0011.jpg'
2023-07-17 10:04:45,374 [cuckoo.core.resultserver] DEBUG: Task #67 uploaded file length: 100262
2023-07-17 10:04:47,722 [cuckoo.core.resultserver] DEBUG: Task #67: File upload for 'shots/0012.jpg'
2023-07-17 10:04:47,734 [cuckoo.core.resultserver] DEBUG: Task #67 uploaded file length: 99207
2023-07-17 10:04:50,210 [cuckoo.core.guest] DEBUG: cuckoo1: analysis #67 still processing
2023-07-17 10:04:51,104 [cuckoo.core.resultserver] DEBUG: Task #67: File upload for 'shots/0013.jpg'
2023-07-17 10:04:51,107 [cuckoo.core.resultserver] DEBUG: Task #67 uploaded file length: 98883
2023-07-17 10:04:53,346 [cuckoo.core.resultserver] DEBUG: Task #67: File upload for 'shots/0014.jpg'
2023-07-17 10:04:53,360 [cuckoo.core.resultserver] DEBUG: Task #67 uploaded file length: 100775
2023-07-17 10:04:55,231 [cuckoo.core.guest] DEBUG: cuckoo1: analysis #67 still processing
2023-07-17 10:04:55,444 [cuckoo.core.resultserver] DEBUG: Task #67: File upload for 'shots/0015.jpg'
2023-07-17 10:04:55,448 [cuckoo.core.resultserver] DEBUG: Task #67 uploaded file length: 101264
2023-07-17 10:04:57,096 [cuckoo.core.resultserver] DEBUG: Task #67: File upload for 'shots/0016.jpg'
2023-07-17 10:04:57,100 [cuckoo.core.resultserver] DEBUG: Task #67 uploaded file length: 101727
2023-07-17 10:04:58,203 [cuckoo.core.resultserver] DEBUG: Task #67: File upload for 'shots/0017.jpg'
2023-07-17 10:04:58,208 [cuckoo.core.resultserver] DEBUG: Task #67 uploaded file length: 101568
2023-07-17 10:05:00,249 [cuckoo.core.guest] DEBUG: cuckoo1: analysis #67 still processing
2023-07-17 10:05:00,407 [cuckoo.core.resultserver] DEBUG: Task #67: File upload for 'shots/0018.jpg'
2023-07-17 10:05:00,411 [cuckoo.core.resultserver] DEBUG: Task #67 uploaded file length: 99612
2023-07-17 10:05:02,970 [cuckoo.core.resultserver] DEBUG: Task #67: File upload for 'shots/0019.jpg'
2023-07-17 10:05:02,981 [cuckoo.core.resultserver] DEBUG: Task #67 uploaded file length: 97147
2023-07-17 10:05:05,271 [cuckoo.core.guest] DEBUG: cuckoo1: analysis #67 still processing
2023-07-17 10:05:05,300 [cuckoo.core.resultserver] DEBUG: Task #67: File upload for 'shots/0020.jpg'
2023-07-17 10:05:05,304 [cuckoo.core.resultserver] DEBUG: Task #67 uploaded file length: 96866
2023-07-17 10:05:06,327 [cuckoo.core.resultserver] DEBUG: Task #67: File upload for 'shots/0021.jpg'
2023-07-17 10:05:06,330 [cuckoo.core.resultserver] DEBUG: Task #67 uploaded file length: 97157
2023-07-17 10:05:07,484 [cuckoo.core.resultserver] DEBUG: Task #67: File upload for 'shots/0022.jpg'
2023-07-17 10:05:07,488 [cuckoo.core.resultserver] DEBUG: Task #67 uploaded file length: 96851
2023-07-17 10:05:08,594 [cuckoo.core.resultserver] DEBUG: Task #67: File upload for 'shots/0023.jpg'
2023-07-17 10:05:08,614 [cuckoo.core.resultserver] DEBUG: Task #67 uploaded file length: 96860
2023-07-17 10:05:10,297 [cuckoo.core.guest] DEBUG: cuckoo1: analysis #67 still processing
2023-07-17 10:05:12,624 [cuckoo.core.resultserver] DEBUG: Task #67: File upload for 'shots/0024.jpg'
2023-07-17 10:05:12,628 [cuckoo.core.resultserver] DEBUG: Task #67 uploaded file length: 97501
2023-07-17 10:05:13,687 [cuckoo.core.resultserver] DEBUG: Task #67: File upload for 'shots/0025.jpg'
2023-07-17 10:05:13,690 [cuckoo.core.resultserver] DEBUG: Task #67 uploaded file length: 99716
2023-07-17 10:05:14,718 [cuckoo.core.resultserver] DEBUG: Task #67: File upload for 'shots/0026.jpg'
2023-07-17 10:05:14,724 [cuckoo.core.resultserver] DEBUG: Task #67 uploaded file length: 108343
2023-07-17 10:05:15,317 [cuckoo.core.guest] DEBUG: cuckoo1: analysis #67 still processing
2023-07-17 10:05:15,750 [cuckoo.core.resultserver] DEBUG: Task #67: File upload for 'shots/0027.jpg'
2023-07-17 10:05:15,754 [cuckoo.core.resultserver] DEBUG: Task #67 uploaded file length: 108344
2023-07-17 10:05:16,780 [cuckoo.core.resultserver] DEBUG: Task #67: File upload for 'shots/0028.jpg'
2023-07-17 10:05:16,785 [cuckoo.core.resultserver] DEBUG: Task #67 uploaded file length: 107371
2023-07-17 10:05:17,847 [cuckoo.core.resultserver] DEBUG: Task #67: File upload for 'shots/0029.jpg'
2023-07-17 10:05:17,851 [cuckoo.core.resultserver] DEBUG: Task #67 uploaded file length: 117859
2023-07-17 10:05:17,895 [cuckoo.core.resultserver] DEBUG: Task #67 had connection reset for <Context for LOG>
2023-07-17 10:05:18,331 [cuckoo.core.guest] INFO: cuckoo1: analysis completed successfully
2023-07-17 10:05:18,339 [cuckoo.core.plugins] DEBUG: Stopped auxiliary module: Replay
2023-07-17 10:05:18,374 [cuckoo.core.plugins] DEBUG: Stopped auxiliary module: Sniffer
2023-07-17 10:05:18,374 [cuckoo.machinery.virtualbox] DEBUG: Stopping vm cuckoo1
2023-07-17 10:05:19,510 [cuckoo.core.resultserver] DEBUG: Stopped tracking machine 192.168.56.101 for task #67
2023-07-17 10:05:19,513 [cuckoo.core.scheduler] DEBUG: Released database task #67
2023-07-17 10:05:19,522 [cuckoo.core.plugins] DEBUG: Executed processing module "AnalysisInfo" for task #67
2023-07-17 10:05:19,522 [cuckoo.processing.behavior] WARNING: Analysis results folder does not contain any behavior log files.
2023-07-17 10:05:19,522 [cuckoo.core.plugins] DEBUG: Executed processing module "BehaviorAnalysis" for task #67
2023-07-17 10:05:19,523 [cuckoo.core.plugins] DEBUG: Executed processing module "Dropped" for task #67
2023-07-17 10:05:19,523 [cuckoo.core.plugins] DEBUG: Executed processing module "DroppedBuffer" for task #67
2023-07-17 10:05:19,523 [cuckoo.core.plugins] DEBUG: Executed processing module "MetaInfo" for task #67
2023-07-17 10:05:19,523 [cuckoo.core.plugins] DEBUG: Executed processing module "ProcessMemory" for task #67
2023-07-17 10:05:19,523 [cuckoo.core.plugins] DEBUG: Executed processing module "Procmon" for task #67
2023-07-17 10:05:19,961 [cuckoo.core.plugins] DEBUG: Executed processing module "Screenshots" for task #67
2023-07-17 10:05:20,176 [cuckoo.processing.static] CRITICAL: You do not have the m2crypto library installed preventing certificate extraction. Please read the Cuckoo documentation on installing m2crypto (you need SWIG installed and then `pip install m2crypto==0.24.0`)!
2023-07-17 10:05:21,425 [cuckoo.core.plugins] DEBUG: Executed processing module "Static" for task #67
2023-07-17 10:05:21,974 [cuckoo.core.plugins] DEBUG: Executed processing module "Strings" for task #67
2023-07-17 10:05:25,004 [cuckoo.core.plugins] DEBUG: Executed processing module "TargetInfo" for task #67
2023-07-17 10:05:25,009 [cuckoo.core.plugins] DEBUG: Executed processing module "NetworkAnalysis" for task #67
2023-07-17 10:05:25,009 [cuckoo.core.plugins] DEBUG: Executed processing module "Extracted" for task #67
2023-07-17 10:05:25,009 [cuckoo.core.plugins] DEBUG: Executed processing module "TLSMasterSecrets" for task #67
2023-07-17 10:05:25,010 [cuckoo.core.plugins] DEBUG: Executed processing module "Debug" for task #67
2023-07-17 10:05:25,018 [cuckoo.core.plugins] DEBUG: Running 542 signatures
2023-07-17 10:05:25,069 [cuckoo.core.plugins] DEBUG: Analysis matched signature: pe_features
2023-07-17 10:05:25,072 [cuckoo.core.plugins] DEBUG: Executed reporting module "JsonDump"
2023-07-17 10:05:27,668 [cuckoo.core.plugins] DEBUG: Executed reporting module "MongoDB"
2023-07-17 10:05:27,668 [cuckoo.core.scheduler] INFO: Task #67: reports generation completed
2023-07-17 10:05:27,671 [cuckoo.core.scheduler] INFO: Task #67: analysis procedure completed
