2023-07-17 09:31:02,036 [cuckoo.core.scheduler] INFO: Task #61: acquired machine cuckoo1 (label=cuckoo1)
2023-07-17 09:31:02,036 [cuckoo.core.resultserver] DEBUG: Now tracking machine 192.168.56.101 for task #61
2023-07-17 09:31:02,036 [cuckoo.core.plugins] DEBUG: Started auxiliary module: Replay
2023-07-17 09:31:02,040 [cuckoo.auxiliary.sniffer] INFO: Started sniffer with PID 46322 (interface=vboxnet0, host=192.168.56.101)
2023-07-17 09:31:02,040 [cuckoo.core.plugins] DEBUG: Started auxiliary module: Sniffer
2023-07-17 09:31:02,076 [cuckoo.machinery.virtualbox] DEBUG: Starting vm cuckoo1
2023-07-17 09:31:02,127 [cuckoo.machinery.virtualbox] DEBUG: Restoring virtual machine cuckoo1 to its current snapshot
2023-07-17 09:31:03,707 [cuckoo.core.guest] INFO: Starting analysis #61 on guest (id=cuckoo1, ip=192.168.56.101)
2023-07-17 09:31:04,709 [cuckoo.core.guest] DEBUG: cuckoo1: not ready yet
2023-07-17 09:31:05,711 [cuckoo.core.guest] DEBUG: cuckoo1: not ready yet
2023-07-17 09:31:06,716 [cuckoo.core.guest] DEBUG: cuckoo1: not ready yet
2023-07-17 09:31:06,781 [cuckoo.core.guest] DEBUG: cuckoo1: not ready yet
2023-07-17 09:31:07,795 [cuckoo.core.guest] INFO: Guest is running Cuckoo Agent 0.10 (id=cuckoo1, ip=192.168.56.101)
2023-07-17 09:31:07,811 [cuckoo.core.guest] DEBUG: Uploading analyzer to guest (id=cuckoo1, ip=192.168.56.101, monitor=latest, size=3884763)
2023-07-17 09:31:12,052 [cuckoo.core.resultserver] DEBUG: Task #61: live log analysis.log initialized.
2023-07-17 09:31:17,000 [cuckoo.core.guest] DEBUG: cuckoo1: analysis #61 still processing
2023-07-17 09:31:18,235 [cuckoo.core.resultserver] DEBUG: Task #61: File upload for 'shots/0001.jpg'
2023-07-17 09:31:18,245 [cuckoo.core.resultserver] DEBUG: Task #61 uploaded file length: 99796
2023-07-17 09:31:22,019 [cuckoo.core.guest] DEBUG: cuckoo1: analysis #61 still processing
2023-07-17 09:31:26,587 [cuckoo.core.resultserver] DEBUG: Task #61: File upload for 'shots/0002.jpg'
2023-07-17 09:31:26,593 [cuckoo.core.resultserver] DEBUG: Task #61 uploaded file length: 109772
2023-07-17 09:31:27,039 [cuckoo.core.guest] DEBUG: cuckoo1: analysis #61 still processing
2023-07-17 09:31:32,057 [cuckoo.core.guest] DEBUG: cuckoo1: analysis #61 still processing
2023-07-17 09:31:36,076 [cuckoo.core.resultserver] DEBUG: Task #61: File upload for 'shots/0003.jpg'
2023-07-17 09:31:36,080 [cuckoo.core.resultserver] DEBUG: Task #61 uploaded file length: 114432
2023-07-17 09:31:37,084 [cuckoo.core.guest] DEBUG: cuckoo1: analysis #61 still processing
2023-07-17 09:31:38,255 [cuckoo.core.resultserver] DEBUG: Task #61: File upload for 'shots/0004.jpg'
2023-07-17 09:31:38,354 [cuckoo.core.resultserver] DEBUG: Task #61 uploaded file length: 95023
2023-07-17 09:31:39,527 [cuckoo.core.resultserver] DEBUG: Task #61: File upload for 'shots/0005.jpg'
2023-07-17 09:31:39,685 [cuckoo.core.resultserver] DEBUG: Task #61 uploaded file length: 101770
2023-07-17 09:31:42,102 [cuckoo.core.guest] DEBUG: cuckoo1: analysis #61 still processing
2023-07-17 09:31:47,136 [cuckoo.core.guest] DEBUG: cuckoo1: analysis #61 still processing
2023-07-17 09:31:52,168 [cuckoo.core.guest] DEBUG: cuckoo1: analysis #61 still processing
2023-07-17 09:31:57,112 [cuckoo.core.resultserver] DEBUG: Task #61: File upload for 'shots/0006.jpg'
2023-07-17 09:31:57,118 [cuckoo.core.resultserver] DEBUG: Task #61 uploaded file length: 110308
2023-07-17 09:31:57,214 [cuckoo.core.guest] DEBUG: cuckoo1: analysis #61 still processing
2023-07-17 09:31:58,213 [cuckoo.core.resultserver] DEBUG: Task #61: File upload for 'shots/0007.jpg'
2023-07-17 09:31:58,217 [cuckoo.core.resultserver] DEBUG: Task #61 uploaded file length: 109766
2023-07-17 09:32:02,249 [cuckoo.core.guest] DEBUG: cuckoo1: analysis #61 still processing
2023-07-17 09:32:05,455 [cuckoo.core.resultserver] DEBUG: Task #61: File upload for 'shots/0008.jpg'
2023-07-17 09:32:05,459 [cuckoo.core.resultserver] DEBUG: Task #61 uploaded file length: 110271
2023-07-17 09:32:07,271 [cuckoo.core.guest] DEBUG: cuckoo1: analysis #61 still processing
2023-07-17 09:32:07,651 [cuckoo.core.resultserver] DEBUG: Task #61: File upload for 'shots/0009.jpg'
2023-07-17 09:32:07,655 [cuckoo.core.resultserver] DEBUG: Task #61 uploaded file length: 111178
2023-07-17 09:32:08,744 [cuckoo.core.resultserver] DEBUG: Task #61: File upload for 'shots/0010.jpg'
2023-07-17 09:32:08,752 [cuckoo.core.resultserver] DEBUG: Task #61 uploaded file length: 110860
2023-07-17 09:32:12,299 [cuckoo.core.guest] DEBUG: cuckoo1: analysis #61 still processing
2023-07-17 09:32:17,323 [cuckoo.core.guest] DEBUG: cuckoo1: analysis #61 still processing
2023-07-17 09:32:22,345 [cuckoo.core.guest] DEBUG: cuckoo1: analysis #61 still processing
2023-07-17 09:32:27,364 [cuckoo.core.guest] DEBUG: cuckoo1: analysis #61 still processing
2023-07-17 09:32:32,385 [cuckoo.core.guest] DEBUG: cuckoo1: analysis #61 still processing
2023-07-17 09:32:37,406 [cuckoo.core.guest] DEBUG: cuckoo1: analysis #61 still processing
2023-07-17 09:32:42,428 [cuckoo.core.guest] DEBUG: cuckoo1: analysis #61 still processing
2023-07-17 09:32:47,451 [cuckoo.core.guest] DEBUG: cuckoo1: analysis #61 still processing
2023-07-17 09:32:52,471 [cuckoo.core.guest] DEBUG: cuckoo1: analysis #61 still processing
2023-07-17 09:32:57,491 [cuckoo.core.guest] DEBUG: cuckoo1: analysis #61 still processing
2023-07-17 09:32:59,290 [cuckoo.core.resultserver] DEBUG: Task #61: File upload for 'shots/0011.jpg'
2023-07-17 09:32:59,292 [cuckoo.core.resultserver] DEBUG: Task #61 uploaded file length: 109792
2023-07-17 09:33:02,518 [cuckoo.core.guest] DEBUG: cuckoo1: analysis #61 still processing
2023-07-17 09:33:05,523 [cuckoo.core.resultserver] DEBUG: Task #61: File upload for 'shots/0012.jpg'
2023-07-17 09:33:05,525 [cuckoo.core.resultserver] DEBUG: Task #61 uploaded file length: 103530
2023-07-17 09:33:06,558 [cuckoo.core.resultserver] DEBUG: Task #61: File upload for 'shots/0013.jpg'
2023-07-17 09:33:06,561 [cuckoo.core.resultserver] DEBUG: Task #61 uploaded file length: 116216
2023-07-17 09:33:07,536 [cuckoo.core.guest] DEBUG: cuckoo1: analysis #61 still processing
2023-07-17 09:33:07,586 [cuckoo.core.resultserver] DEBUG: Task #61: File upload for 'shots/0014.jpg'
2023-07-17 09:33:07,589 [cuckoo.core.resultserver] DEBUG: Task #61 uploaded file length: 93600
2023-07-17 09:33:12,556 [cuckoo.core.guest] DEBUG: cuckoo1: analysis #61 still processing
2023-07-17 09:33:17,576 [cuckoo.core.guest] DEBUG: cuckoo1: analysis #61 still processing
2023-07-17 09:33:22,599 [cuckoo.core.guest] DEBUG: cuckoo1: analysis #61 still processing
2023-07-17 09:33:27,620 [cuckoo.core.guest] DEBUG: cuckoo1: analysis #61 still processing
2023-07-17 09:33:32,640 [cuckoo.core.guest] DEBUG: cuckoo1: analysis #61 still processing
2023-07-17 09:33:37,659 [cuckoo.core.guest] DEBUG: cuckoo1: analysis #61 still processing
2023-07-17 09:33:37,805 [cuckoo.core.resultserver] DEBUG: Task #61: File upload for 'shots/0015.jpg'
2023-07-17 09:33:37,835 [cuckoo.core.resultserver] DEBUG: Task #61 uploaded file length: 95662
2023-07-17 09:33:42,687 [cuckoo.core.guest] DEBUG: cuckoo1: analysis #61 still processing
2023-07-17 09:33:46,243 [cuckoo.core.resultserver] DEBUG: Task #61: File upload for 'shots/0016.jpg'
2023-07-17 09:33:46,246 [cuckoo.core.resultserver] DEBUG: Task #61 uploaded file length: 120521
2023-07-17 09:33:47,274 [cuckoo.core.resultserver] DEBUG: Task #61: File upload for 'shots/0017.jpg'
2023-07-17 09:33:47,278 [cuckoo.core.resultserver] DEBUG: Task #61 uploaded file length: 119629
2023-07-17 09:33:47,710 [cuckoo.core.guest] DEBUG: cuckoo1: analysis #61 still processing
2023-07-17 09:33:49,353 [cuckoo.core.resultserver] DEBUG: Task #61: File upload for 'shots/0018.jpg'
2023-07-17 09:33:49,357 [cuckoo.core.resultserver] DEBUG: Task #61 uploaded file length: 95650
2023-07-17 09:33:50,381 [cuckoo.core.resultserver] DEBUG: Task #61: File upload for 'shots/0019.jpg'
2023-07-17 09:33:50,385 [cuckoo.core.resultserver] DEBUG: Task #61 uploaded file length: 95071
2023-07-17 09:33:52,748 [cuckoo.core.guest] DEBUG: cuckoo1: analysis #61 still processing
2023-07-17 09:33:57,770 [cuckoo.core.guest] DEBUG: cuckoo1: analysis #61 still processing
2023-07-17 09:33:58,894 [cuckoo.core.resultserver] DEBUG: Task #61: File upload for 'memory/2640-1.dmp'
2023-07-17 09:33:58,917 [cuckoo.core.resultserver] DEBUG: Task #61: File upload for 'shots/0020.jpg'
2023-07-17 09:33:58,949 [cuckoo.core.resultserver] DEBUG: Task #61 uploaded file length: 95776
2023-07-17 09:33:59,140 [cuckoo.core.resultserver] WARNING: Uploaded file length larger than upload_max_size, stopping upload.
2023-07-17 09:33:59,564 [cuckoo.core.resultserver] DEBUG: Task #61 uploaded file length: 134217743
2023-07-17 09:33:59,777 [cuckoo.core.guest] INFO: cuckoo1: analysis completed successfully
2023-07-17 09:33:59,780 [cuckoo.core.plugins] DEBUG: Stopped auxiliary module: Replay
2023-07-17 09:33:59,813 [cuckoo.core.plugins] DEBUG: Stopped auxiliary module: Sniffer
2023-07-17 09:33:59,813 [cuckoo.machinery.virtualbox] DEBUG: Stopping vm cuckoo1
2023-07-17 09:34:00,932 [cuckoo.core.resultserver] DEBUG: Stopped tracking machine 192.168.56.101 for task #61
2023-07-17 09:34:00,932 [cuckoo.core.resultserver] DEBUG: Cancel <Context for LOG> for task 61
2023-07-17 09:34:00,937 [cuckoo.core.scheduler] DEBUG: Released database task #61
2023-07-17 09:34:00,949 [cuckoo.core.plugins] DEBUG: Executed processing module "AnalysisInfo" for task #61
2023-07-17 09:34:00,950 [cuckoo.processing.behavior] WARNING: Analysis results folder does not contain any behavior log files.
2023-07-17 09:34:00,950 [cuckoo.core.plugins] DEBUG: Executed processing module "BehaviorAnalysis" for task #61
2023-07-17 09:34:00,950 [cuckoo.core.plugins] DEBUG: Executed processing module "Dropped" for task #61
2023-07-17 09:34:00,950 [cuckoo.core.plugins] DEBUG: Executed processing module "DroppedBuffer" for task #61
2023-07-17 09:34:02,438 [cuckoo.core.plugins] DEBUG: Executed processing module "MetaInfo" for task #61
2023-07-17 09:34:02,938 [cuckoo.core.plugins] DEBUG: Executed processing module "ProcessMemory" for task #61
2023-07-17 09:34:02,938 [cuckoo.core.plugins] DEBUG: Executed processing module "Procmon" for task #61
2023-07-17 09:34:03,239 [cuckoo.core.plugins] DEBUG: Executed processing module "Screenshots" for task #61
2023-07-17 09:34:19,960 [cuckoo.processing.static] CRITICAL: You do not have the m2crypto library installed preventing certificate extraction. Please read the Cuckoo documentation on installing m2crypto (you need SWIG installed and then `pip install m2crypto==0.24.0`)!
2023-07-17 09:34:21,836 [cuckoo.core.plugins] DEBUG: Executed processing module "Static" for task #61
2023-07-17 09:34:22,400 [cuckoo.core.plugins] DEBUG: Executed processing module "Strings" for task #61
2023-07-17 09:34:26,801 [cuckoo.core.plugins] DEBUG: Executed processing module "TargetInfo" for task #61
2023-07-17 09:34:26,823 [cuckoo.core.plugins] DEBUG: Executed processing module "NetworkAnalysis" for task #61
2023-07-17 09:34:26,823 [cuckoo.core.plugins] DEBUG: Executed processing module "Extracted" for task #61
2023-07-17 09:34:26,823 [cuckoo.core.plugins] DEBUG: Executed processing module "TLSMasterSecrets" for task #61
2023-07-17 09:34:26,824 [cuckoo.core.plugins] DEBUG: Executed processing module "Debug" for task #61
2023-07-17 09:34:26,832 [cuckoo.core.plugins] DEBUG: Running 542 signatures
2023-07-17 09:34:26,886 [cuckoo.core.plugins] DEBUG: Analysis matched signature: has_pdb
2023-07-17 09:34:26,886 [cuckoo.core.plugins] DEBUG: Analysis matched signature: packer_entropy
2023-07-17 09:34:26,886 [cuckoo.core.plugins] DEBUG: Analysis matched signature: pe_features
2023-07-17 09:34:26,886 [cuckoo.core.plugins] DEBUG: Analysis matched signature: pe_unknown_resource_name
2023-07-17 09:34:26,891 [cuckoo.core.plugins] DEBUG: Executed reporting module "JsonDump"
2023-07-17 09:34:30,612 [cuckoo.core.plugins] DEBUG: Executed reporting module "MongoDB"
2023-07-17 09:34:30,612 [cuckoo.core.scheduler] INFO: Task #61: reports generation completed
2023-07-17 09:34:30,615 [cuckoo.core.scheduler] INFO: Task #61: analysis procedure completed
